PK0000     86.9253     27.9881
PK0001     86.9331     27.9617
PK0002     87.0889     27.8897
PK0003     86.6608     28.0942
PK0004     84.5597     28.5500
PK0005     83.8203     28.5956
PK0006     85.7786     28.3533
PK0007     86.7450     28.0981
PK0008     84.1219     28.5347
PK0009     84.6397     28.4367
PK0010     84.5667     28.5033
PK0011     86.8869     27.9675
PK0012     87.1078     27.9306
PK0013     85.8097     28.3550
PK0014     83.9900     28.5850
PK0015     86.9142     28.0247
NP0000	   83.5000	   26.5000
NP0001	   83.5000	   26.5667
NP0002	   83.5000	   26.6333
NP0003	   83.5000	   26.7000
NP0004	   83.5000	   26.7667
NP0005	   83.5000	   26.8333
NP0006	   83.5000	   26.9000
NP0007	   83.5000	   26.9667
NP0008	   83.5000	   27.0333
NP0009	   83.5000	   27.1000
NP0010	   83.5000	   27.1667
NP0011	   83.5000	   27.2333
NP0012	   83.5000	   27.3000
NP0013	   83.5000	   27.3667
NP0014	   83.5000	   27.4333
NP0015	   83.5000	   27.5000
NP0016	   83.5000	   27.5667
NP0017	   83.5000	   27.6333
NP0018	   83.5000	   27.7000
NP0019	   83.5000	   27.7667
NP0020	   83.5000	   27.8333
NP0021	   83.5000	   27.9000
NP0022	   83.5000	   27.9667
NP0023	   83.5000	   28.0333
NP0024	   83.5000	   28.1000
NP0025	   83.5000	   28.1667
NP0026	   83.5000	   28.2333
NP0027	   83.5000	   28.3000
NP0028	   83.5000	   28.3667
NP0029	   83.5000	   28.4333
NP0030	   83.5000	   28.5000
NP0031	   83.5000	   28.5667
NP0032	   83.5000	   28.6333
NP0033	   83.5000	   28.7000
NP0034	   83.5000	   28.7667
NP0035	   83.5000	   28.8333
NP0036	   83.5000	   28.9000
NP0037	   83.5000	   28.9667
NP0038	   83.5000	   29.0333
NP0039	   83.5667	   26.5000
NP0040	   83.5667	   26.5667
NP0041	   83.5667	   26.6333
NP0042	   83.5667	   26.7000
NP0043	   83.5667	   26.7667
NP0044	   83.5667	   26.8333
NP0045	   83.5667	   26.9000
NP0046	   83.5667	   26.9667
NP0047	   83.5667	   27.0333
NP0048	   83.5667	   27.1000
NP0049	   83.5667	   27.1667
NP0050	   83.5667	   27.2333
NP0051	   83.5667	   27.3000
NP0052	   83.5667	   27.3667
NP0053	   83.5667	   27.4333
NP0054	   83.5667	   27.5000
NP0055	   83.5667	   27.5667
NP0056	   83.5667	   27.6333
NP0057	   83.5667	   27.7000
NP0058	   83.5667	   27.7667
NP0059	   83.5667	   27.8333
NP0060	   83.5667	   27.9000
NP0061	   83.5667	   27.9667
NP0062	   83.5667	   28.0333
NP0063	   83.5667	   28.1000
NP0064	   83.5667	   28.1667
NP0065	   83.5667	   28.2333
NP0066	   83.5667	   28.3000
NP0067	   83.5667	   28.3667
NP0068	   83.5667	   28.4333
NP0069	   83.5667	   28.5000
NP0070	   83.5667	   28.5667
NP0071	   83.5667	   28.6333
NP0072	   83.5667	   28.7000
NP0073	   83.5667	   28.7667
NP0074	   83.5667	   28.8333
NP0075	   83.5667	   28.9000
NP0076	   83.5667	   28.9667
NP0077	   83.5667	   29.0333
NP0078	   83.6333	   26.5000
NP0079	   83.6333	   26.5667
NP0080	   83.6333	   26.6333
NP0081	   83.6333	   26.7000
NP0082	   83.6333	   26.7667
NP0083	   83.6333	   26.8333
NP0084	   83.6333	   26.9000
NP0085	   83.6333	   26.9667
NP0086	   83.6333	   27.0333
NP0087	   83.6333	   27.1000
NP0088	   83.6333	   27.1667
NP0089	   83.6333	   27.2333
NP0090	   83.6333	   27.3000
NP0091	   83.6333	   27.3667
NP0092	   83.6333	   27.4333
NP0093	   83.6333	   27.5000
NP0094	   83.6333	   27.5667
NP0095	   83.6333	   27.6333
NP0096	   83.6333	   27.7000
NP0097	   83.6333	   27.7667
NP0098	   83.6333	   27.8333
NP0099	   83.6333	   27.9000
NP0100	   83.6333	   27.9667
NP0101	   83.6333	   28.0333
NP0102	   83.6333	   28.1000
NP0103	   83.6333	   28.1667
NP0104	   83.6333	   28.2333
NP0105	   83.6333	   28.3000
NP0106	   83.6333	   28.3667
NP0107	   83.6333	   28.4333
NP0108	   83.6333	   28.5000
NP0109	   83.6333	   28.5667
NP0110	   83.6333	   28.6333
NP0111	   83.6333	   28.7000
NP0112	   83.6333	   28.7667
NP0113	   83.6333	   28.8333
NP0114	   83.6333	   28.9000
NP0115	   83.6333	   28.9667
NP0116	   83.6333	   29.0333
NP0117	   83.7000	   26.5000
NP0118	   83.7000	   26.5667
NP0119	   83.7000	   26.6333
NP0120	   83.7000	   26.7000
NP0121	   83.7000	   26.7667
NP0122	   83.7000	   26.8333
NP0123	   83.7000	   26.9000
NP0124	   83.7000	   26.9667
NP0125	   83.7000	   27.0333
NP0126	   83.7000	   27.1000
NP0127	   83.7000	   27.1667
NP0128	   83.7000	   27.2333
NP0129	   83.7000	   27.3000
NP0130	   83.7000	   27.3667
NP0131	   83.7000	   27.4333
NP0132	   83.7000	   27.5000
NP0133	   83.7000	   27.5667
NP0134	   83.7000	   27.6333
NP0135	   83.7000	   27.7000
NP0136	   83.7000	   27.7667
NP0137	   83.7000	   27.8333
NP0138	   83.7000	   27.9000
NP0139	   83.7000	   27.9667
NP0140	   83.7000	   28.0333
NP0141	   83.7000	   28.1000
NP0142	   83.7000	   28.1667
NP0143	   83.7000	   28.2333
NP0144	   83.7000	   28.3000
NP0145	   83.7000	   28.3667
NP0146	   83.7000	   28.4333
NP0147	   83.7000	   28.5000
NP0148	   83.7000	   28.5667
NP0149	   83.7000	   28.6333
NP0150	   83.7000	   28.7000
NP0151	   83.7000	   28.7667
NP0152	   83.7000	   28.8333
NP0153	   83.7000	   28.9000
NP0154	   83.7000	   28.9667
NP0155	   83.7000	   29.0333
NP0156	   83.7667	   26.5000
NP0157	   83.7667	   26.5667
NP0158	   83.7667	   26.6333
NP0159	   83.7667	   26.7000
NP0160	   83.7667	   26.7667
NP0161	   83.7667	   26.8333
NP0162	   83.7667	   26.9000
NP0163	   83.7667	   26.9667
NP0164	   83.7667	   27.0333
NP0165	   83.7667	   27.1000
NP0166	   83.7667	   27.1667
NP0167	   83.7667	   27.2333
NP0168	   83.7667	   27.3000
NP0169	   83.7667	   27.3667
NP0170	   83.7667	   27.4333
NP0171	   83.7667	   27.5000
NP0172	   83.7667	   27.5667
NP0173	   83.7667	   27.6333
NP0174	   83.7667	   27.7000
NP0175	   83.7667	   27.7667
NP0176	   83.7667	   27.8333
NP0177	   83.7667	   27.9000
NP0178	   83.7667	   27.9667
NP0179	   83.7667	   28.0333
NP0180	   83.7667	   28.1000
NP0181	   83.7667	   28.1667
NP0182	   83.7667	   28.2333
NP0183	   83.7667	   28.3000
NP0184	   83.7667	   28.3667
NP0185	   83.7667	   28.4333
NP0186	   83.7667	   28.5000
NP0187	   83.7667	   28.5667
NP0188	   83.7667	   28.6333
NP0189	   83.7667	   28.7000
NP0190	   83.7667	   28.7667
NP0191	   83.7667	   28.8333
NP0192	   83.7667	   28.9000
NP0193	   83.7667	   28.9667
NP0194	   83.7667	   29.0333
NP0195	   83.8333	   26.5000
NP0196	   83.8333	   26.5667
NP0197	   83.8333	   26.6333
NP0198	   83.8333	   26.7000
NP0199	   83.8333	   26.7667
NP0200	   83.8333	   26.8333
NP0201	   83.8333	   26.9000
NP0202	   83.8333	   26.9667
NP0203	   83.8333	   27.0333
NP0204	   83.8333	   27.1000
NP0205	   83.8333	   27.1667
NP0206	   83.8333	   27.2333
NP0207	   83.8333	   27.3000
NP0208	   83.8333	   27.3667
NP0209	   83.8333	   27.4333
NP0210	   83.8333	   27.5000
NP0211	   83.8333	   27.5667
NP0212	   83.8333	   27.6333
NP0213	   83.8333	   27.7000
NP0214	   83.8333	   27.7667
NP0215	   83.8333	   27.8333
NP0216	   83.8333	   27.9000
NP0217	   83.8333	   27.9667
NP0218	   83.8333	   28.0333
NP0219	   83.8333	   28.1000
NP0220	   83.8333	   28.1667
NP0221	   83.8333	   28.2333
NP0222	   83.8333	   28.3000
NP0223	   83.8333	   28.3667
NP0224	   83.8333	   28.4333
NP0225	   83.8333	   28.5000
NP0226	   83.8333	   28.5667
NP0227	   83.8333	   28.6333
NP0228	   83.8333	   28.7000
NP0229	   83.8333	   28.7667
NP0230	   83.8333	   28.8333
NP0231	   83.8333	   28.9000
NP0232	   83.8333	   28.9667
NP0233	   83.8333	   29.0333
NP0234	   83.9000	   26.5000
NP0235	   83.9000	   26.5667
NP0236	   83.9000	   26.6333
NP0237	   83.9000	   26.7000
NP0238	   83.9000	   26.7667
NP0239	   83.9000	   26.8333
NP0240	   83.9000	   26.9000
NP0241	   83.9000	   26.9667
NP0242	   83.9000	   27.0333
NP0243	   83.9000	   27.1000
NP0244	   83.9000	   27.1667
NP0245	   83.9000	   27.2333
NP0246	   83.9000	   27.3000
NP0247	   83.9000	   27.3667
NP0248	   83.9000	   27.4333
NP0249	   83.9000	   27.5000
NP0250	   83.9000	   27.5667
NP0251	   83.9000	   27.6333
NP0252	   83.9000	   27.7000
NP0253	   83.9000	   27.7667
NP0254	   83.9000	   27.8333
NP0255	   83.9000	   27.9000
NP0256	   83.9000	   27.9667
NP0257	   83.9000	   28.0333
NP0258	   83.9000	   28.1000
NP0259	   83.9000	   28.1667
NP0260	   83.9000	   28.2333
NP0261	   83.9000	   28.3000
NP0262	   83.9000	   28.3667
NP0263	   83.9000	   28.4333
NP0264	   83.9000	   28.5000
NP0265	   83.9000	   28.5667
NP0266	   83.9000	   28.6333
NP0267	   83.9000	   28.7000
NP0268	   83.9000	   28.7667
NP0269	   83.9000	   28.8333
NP0270	   83.9000	   28.9000
NP0271	   83.9000	   28.9667
NP0272	   83.9000	   29.0333
NP0273	   83.9667	   26.5000
NP0274	   83.9667	   26.5667
NP0275	   83.9667	   26.6333
NP0276	   83.9667	   26.7000
NP0277	   83.9667	   26.7667
NP0278	   83.9667	   26.8333
NP0279	   83.9667	   26.9000
NP0280	   83.9667	   26.9667
NP0281	   83.9667	   27.0333
NP0282	   83.9667	   27.1000
NP0283	   83.9667	   27.1667
NP0284	   83.9667	   27.2333
NP0285	   83.9667	   27.3000
NP0286	   83.9667	   27.3667
NP0287	   83.9667	   27.4333
NP0288	   83.9667	   27.5000
NP0289	   83.9667	   27.5667
NP0290	   83.9667	   27.6333
NP0291	   83.9667	   27.7000
NP0292	   83.9667	   27.7667
NP0293	   83.9667	   27.8333
NP0294	   83.9667	   27.9000
NP0295	   83.9667	   27.9667
NP0296	   83.9667	   28.0333
NP0297	   83.9667	   28.1000
NP0298	   83.9667	   28.1667
NP0299	   83.9667	   28.2333
NP0300	   83.9667	   28.3000
NP0301	   83.9667	   28.3667
NP0302	   83.9667	   28.4333
NP0303	   83.9667	   28.5000
NP0304	   83.9667	   28.5667
NP0305	   83.9667	   28.6333
NP0306	   83.9667	   28.7000
NP0307	   83.9667	   28.7667
NP0308	   83.9667	   28.8333
NP0309	   83.9667	   28.9000
NP0310	   83.9667	   28.9667
NP0311	   83.9667	   29.0333
NP0312	   84.0333	   26.5000
NP0313	   84.0333	   26.5667
NP0314	   84.0333	   26.6333
NP0315	   84.0333	   26.7000
NP0316	   84.0333	   26.7667
NP0317	   84.0333	   26.8333
NP0318	   84.0333	   26.9000
NP0319	   84.0333	   26.9667
NP0320	   84.0333	   27.0333
NP0321	   84.0333	   27.1000
NP0322	   84.0333	   27.1667
NP0323	   84.0333	   27.2333
NP0324	   84.0333	   27.3000
NP0325	   84.0333	   27.3667
NP0326	   84.0333	   27.4333
NP0327	   84.0333	   27.5000
NP0328	   84.0333	   27.5667
NP0329	   84.0333	   27.6333
NP0330	   84.0333	   27.7000
NP0331	   84.0333	   27.7667
NP0332	   84.0333	   27.8333
NP0333	   84.0333	   27.9000
NP0334	   84.0333	   27.9667
NP0335	   84.0333	   28.0333
NP0336	   84.0333	   28.1000
NP0337	   84.0333	   28.1667
NP0338	   84.0333	   28.2333
NP0339	   84.0333	   28.3000
NP0340	   84.0333	   28.3667
NP0341	   84.0333	   28.4333
NP0342	   84.0333	   28.5000
NP0343	   84.0333	   28.5667
NP0344	   84.0333	   28.6333
NP0345	   84.0333	   28.7000
NP0346	   84.0333	   28.7667
NP0347	   84.0333	   28.8333
NP0348	   84.0333	   28.9000
NP0349	   84.0333	   28.9667
NP0350	   84.0333	   29.0333
NP0351	   84.1000	   26.5000
NP0352	   84.1000	   26.5667
NP0353	   84.1000	   26.6333
NP0354	   84.1000	   26.7000
NP0355	   84.1000	   26.7667
NP0356	   84.1000	   26.8333
NP0357	   84.1000	   26.9000
NP0358	   84.1000	   26.9667
NP0359	   84.1000	   27.0333
NP0360	   84.1000	   27.1000
NP0361	   84.1000	   27.1667
NP0362	   84.1000	   27.2333
NP0363	   84.1000	   27.3000
NP0364	   84.1000	   27.3667
NP0365	   84.1000	   27.4333
NP0366	   84.1000	   27.5000
NP0367	   84.1000	   27.5667
NP0368	   84.1000	   27.6333
NP0369	   84.1000	   27.7000
NP0370	   84.1000	   27.7667
NP0371	   84.1000	   27.8333
NP0372	   84.1000	   27.9000
NP0373	   84.1000	   27.9667
NP0374	   84.1000	   28.0333
NP0375	   84.1000	   28.1000
NP0376	   84.1000	   28.1667
NP0377	   84.1000	   28.2333
NP0378	   84.1000	   28.3000
NP0379	   84.1000	   28.3667
NP0380	   84.1000	   28.4333
NP0381	   84.1000	   28.5000
NP0382	   84.1000	   28.5667
NP0383	   84.1000	   28.6333
NP0384	   84.1000	   28.7000
NP0385	   84.1000	   28.7667
NP0386	   84.1000	   28.8333
NP0387	   84.1000	   28.9000
NP0388	   84.1000	   28.9667
NP0389	   84.1000	   29.0333
NP0390	   84.1667	   26.5000
NP0391	   84.1667	   26.5667
NP0392	   84.1667	   26.6333
NP0393	   84.1667	   26.7000
NP0394	   84.1667	   26.7667
NP0395	   84.1667	   26.8333
NP0396	   84.1667	   26.9000
NP0397	   84.1667	   26.9667
NP0398	   84.1667	   27.0333
NP0399	   84.1667	   27.1000
NP0400	   84.1667	   27.1667
NP0401	   84.1667	   27.2333
NP0402	   84.1667	   27.3000
NP0403	   84.1667	   27.3667
NP0404	   84.1667	   27.4333
NP0405	   84.1667	   27.5000
NP0406	   84.1667	   27.5667
NP0407	   84.1667	   27.6333
NP0408	   84.1667	   27.7000
NP0409	   84.1667	   27.7667
NP0410	   84.1667	   27.8333
NP0411	   84.1667	   27.9000
NP0412	   84.1667	   27.9667
NP0413	   84.1667	   28.0333
NP0414	   84.1667	   28.1000
NP0415	   84.1667	   28.1667
NP0416	   84.1667	   28.2333
NP0417	   84.1667	   28.3000
NP0418	   84.1667	   28.3667
NP0419	   84.1667	   28.4333
NP0420	   84.1667	   28.5000
NP0421	   84.1667	   28.5667
NP0422	   84.1667	   28.6333
NP0423	   84.1667	   28.7000
NP0424	   84.1667	   28.7667
NP0425	   84.1667	   28.8333
NP0426	   84.1667	   28.9000
NP0427	   84.1667	   28.9667
NP0428	   84.1667	   29.0333
NP0429	   84.2333	   26.5000
NP0430	   84.2333	   26.5667
NP0431	   84.2333	   26.6333
NP0432	   84.2333	   26.7000
NP0433	   84.2333	   26.7667
NP0434	   84.2333	   26.8333
NP0435	   84.2333	   26.9000
NP0436	   84.2333	   26.9667
NP0437	   84.2333	   27.0333
NP0438	   84.2333	   27.1000
NP0439	   84.2333	   27.1667
NP0440	   84.2333	   27.2333
NP0441	   84.2333	   27.3000
NP0442	   84.2333	   27.3667
NP0443	   84.2333	   27.4333
NP0444	   84.2333	   27.5000
NP0445	   84.2333	   27.5667
NP0446	   84.2333	   27.6333
NP0447	   84.2333	   27.7000
NP0448	   84.2333	   27.7667
NP0449	   84.2333	   27.8333
NP0450	   84.2333	   27.9000
NP0451	   84.2333	   27.9667
NP0452	   84.2333	   28.0333
NP0453	   84.2333	   28.1000
NP0454	   84.2333	   28.1667
NP0455	   84.2333	   28.2333
NP0456	   84.2333	   28.3000
NP0457	   84.2333	   28.3667
NP0458	   84.2333	   28.4333
NP0459	   84.2333	   28.5000
NP0460	   84.2333	   28.5667
NP0461	   84.2333	   28.6333
NP0462	   84.2333	   28.7000
NP0463	   84.2333	   28.7667
NP0464	   84.2333	   28.8333
NP0465	   84.2333	   28.9000
NP0466	   84.2333	   28.9667
NP0467	   84.2333	   29.0333
NP0468	   84.3000	   26.5000
NP0469	   84.3000	   26.5667
NP0470	   84.3000	   26.6333
NP0471	   84.3000	   26.7000
NP0472	   84.3000	   26.7667
NP0473	   84.3000	   26.8333
NP0474	   84.3000	   26.9000
NP0475	   84.3000	   26.9667
NP0476	   84.3000	   27.0333
NP0477	   84.3000	   27.1000
NP0478	   84.3000	   27.1667
NP0479	   84.3000	   27.2333
NP0480	   84.3000	   27.3000
NP0481	   84.3000	   27.3667
NP0482	   84.3000	   27.4333
NP0483	   84.3000	   27.5000
NP0484	   84.3000	   27.5667
NP0485	   84.3000	   27.6333
NP0486	   84.3000	   27.7000
NP0487	   84.3000	   27.7667
NP0488	   84.3000	   27.8333
NP0489	   84.3000	   27.9000
NP0490	   84.3000	   27.9667
NP0491	   84.3000	   28.0333
NP0492	   84.3000	   28.1000
NP0493	   84.3000	   28.1667
NP0494	   84.3000	   28.2333
NP0495	   84.3000	   28.3000
NP0496	   84.3000	   28.3667
NP0497	   84.3000	   28.4333
NP0498	   84.3000	   28.5000
NP0499	   84.3000	   28.5667
NP0500	   84.3000	   28.6333
NP0501	   84.3000	   28.7000
NP0502	   84.3000	   28.7667
NP0503	   84.3000	   28.8333
NP0504	   84.3000	   28.9000
NP0505	   84.3000	   28.9667
NP0506	   84.3000	   29.0333
NP0507	   84.3667	   26.5000
NP0508	   84.3667	   26.5667
NP0509	   84.3667	   26.6333
NP0510	   84.3667	   26.7000
NP0511	   84.3667	   26.7667
NP0512	   84.3667	   26.8333
NP0513	   84.3667	   26.9000
NP0514	   84.3667	   26.9667
NP0515	   84.3667	   27.0333
NP0516	   84.3667	   27.1000
NP0517	   84.3667	   27.1667
NP0518	   84.3667	   27.2333
NP0519	   84.3667	   27.3000
NP0520	   84.3667	   27.3667
NP0521	   84.3667	   27.4333
NP0522	   84.3667	   27.5000
NP0523	   84.3667	   27.5667
NP0524	   84.3667	   27.6333
NP0525	   84.3667	   27.7000
NP0526	   84.3667	   27.7667
NP0527	   84.3667	   27.8333
NP0528	   84.3667	   27.9000
NP0529	   84.3667	   27.9667
NP0530	   84.3667	   28.0333
NP0531	   84.3667	   28.1000
NP0532	   84.3667	   28.1667
NP0533	   84.3667	   28.2333
NP0534	   84.3667	   28.3000
NP0535	   84.3667	   28.3667
NP0536	   84.3667	   28.4333
NP0537	   84.3667	   28.5000
NP0538	   84.3667	   28.5667
NP0539	   84.3667	   28.6333
NP0540	   84.3667	   28.7000
NP0541	   84.3667	   28.7667
NP0542	   84.3667	   28.8333
NP0543	   84.3667	   28.9000
NP0544	   84.3667	   28.9667
NP0545	   84.3667	   29.0333
NP0546	   84.4333	   26.5000
NP0547	   84.4333	   26.5667
NP0548	   84.4333	   26.6333
NP0549	   84.4333	   26.7000
NP0550	   84.4333	   26.7667
NP0551	   84.4333	   26.8333
NP0552	   84.4333	   26.9000
NP0553	   84.4333	   26.9667
NP0554	   84.4333	   27.0333
NP0555	   84.4333	   27.1000
NP0556	   84.4333	   27.1667
NP0557	   84.4333	   27.2333
NP0558	   84.4333	   27.3000
NP0559	   84.4333	   27.3667
NP0560	   84.4333	   27.4333
NP0561	   84.4333	   27.5000
NP0562	   84.4333	   27.5667
NP0563	   84.4333	   27.6333
NP0564	   84.4333	   27.7000
NP0565	   84.4333	   27.7667
NP0566	   84.4333	   27.8333
NP0567	   84.4333	   27.9000
NP0568	   84.4333	   27.9667
NP0569	   84.4333	   28.0333
NP0570	   84.4333	   28.1000
NP0571	   84.4333	   28.1667
NP0572	   84.4333	   28.2333
NP0573	   84.4333	   28.3000
NP0574	   84.4333	   28.3667
NP0575	   84.4333	   28.4333
NP0576	   84.4333	   28.5000
NP0577	   84.4333	   28.5667
NP0578	   84.4333	   28.6333
NP0579	   84.4333	   28.7000
NP0580	   84.4333	   28.7667
NP0581	   84.4333	   28.8333
NP0582	   84.4333	   28.9000
NP0583	   84.4333	   28.9667
NP0584	   84.4333	   29.0333
NP0585	   84.5000	   26.5000
NP0586	   84.5000	   26.5667
NP0587	   84.5000	   26.6333
NP0588	   84.5000	   26.7000
NP0589	   84.5000	   26.7667
NP0590	   84.5000	   26.8333
NP0591	   84.5000	   26.9000
NP0592	   84.5000	   26.9667
NP0593	   84.5000	   27.0333
NP0594	   84.5000	   27.1000
NP0595	   84.5000	   27.1667
NP0596	   84.5000	   27.2333
NP0597	   84.5000	   27.3000
NP0598	   84.5000	   27.3667
NP0599	   84.5000	   27.4333
NP0600	   84.5000	   27.5000
NP0601	   84.5000	   27.5667
NP0602	   84.5000	   27.6333
NP0603	   84.5000	   27.7000
NP0604	   84.5000	   27.7667
NP0605	   84.5000	   27.8333
NP0606	   84.5000	   27.9000
NP0607	   84.5000	   27.9667
NP0608	   84.5000	   28.0333
NP0609	   84.5000	   28.1000
NP0610	   84.5000	   28.1667
NP0611	   84.5000	   28.2333
NP0612	   84.5000	   28.3000
NP0613	   84.5000	   28.3667
NP0614	   84.5000	   28.4333
NP0615	   84.5000	   28.5000
NP0616	   84.5000	   28.5667
NP0617	   84.5000	   28.6333
NP0618	   84.5000	   28.7000
NP0619	   84.5000	   28.7667
NP0620	   84.5000	   28.8333
NP0621	   84.5000	   28.9000
NP0622	   84.5000	   28.9667
NP0623	   84.5000	   29.0333
NP0624	   84.5667	   26.5000
NP0625	   84.5667	   26.5667
NP0626	   84.5667	   26.6333
NP0627	   84.5667	   26.7000
NP0628	   84.5667	   26.7667
NP0629	   84.5667	   26.8333
NP0630	   84.5667	   26.9000
NP0631	   84.5667	   26.9667
NP0632	   84.5667	   27.0333
NP0633	   84.5667	   27.1000
NP0634	   84.5667	   27.1667
NP0635	   84.5667	   27.2333
NP0636	   84.5667	   27.3000
NP0637	   84.5667	   27.3667
NP0638	   84.5667	   27.4333
NP0639	   84.5667	   27.5000
NP0640	   84.5667	   27.5667
NP0641	   84.5667	   27.6333
NP0642	   84.5667	   27.7000
NP0643	   84.5667	   27.7667
NP0644	   84.5667	   27.8333
NP0645	   84.5667	   27.9000
NP0646	   84.5667	   27.9667
NP0647	   84.5667	   28.0333
NP0648	   84.5667	   28.1000
NP0649	   84.5667	   28.1667
NP0650	   84.5667	   28.2333
NP0651	   84.5667	   28.3000
NP0652	   84.5667	   28.3667
NP0653	   84.5667	   28.4333
NP0654	   84.5667	   28.5000
NP0655	   84.5667	   28.5667
NP0656	   84.5667	   28.6333
NP0657	   84.5667	   28.7000
NP0658	   84.5667	   28.7667
NP0659	   84.5667	   28.8333
NP0660	   84.5667	   28.9000
NP0661	   84.5667	   28.9667
NP0662	   84.5667	   29.0333
NP0663	   84.6333	   26.5000
NP0664	   84.6333	   26.5667
NP0665	   84.6333	   26.6333
NP0666	   84.6333	   26.7000
NP0667	   84.6333	   26.7667
NP0668	   84.6333	   26.8333
NP0669	   84.6333	   26.9000
NP0670	   84.6333	   26.9667
NP0671	   84.6333	   27.0333
NP0672	   84.6333	   27.1000
NP0673	   84.6333	   27.1667
NP0674	   84.6333	   27.2333
NP0675	   84.6333	   27.3000
NP0676	   84.6333	   27.3667
NP0677	   84.6333	   27.4333
NP0678	   84.6333	   27.5000
NP0679	   84.6333	   27.5667
NP0680	   84.6333	   27.6333
NP0681	   84.6333	   27.7000
NP0682	   84.6333	   27.7667
NP0683	   84.6333	   27.8333
NP0684	   84.6333	   27.9000
NP0685	   84.6333	   27.9667
NP0686	   84.6333	   28.0333
NP0687	   84.6333	   28.1000
NP0688	   84.6333	   28.1667
NP0689	   84.6333	   28.2333
NP0690	   84.6333	   28.3000
NP0691	   84.6333	   28.3667
NP0692	   84.6333	   28.4333
NP0693	   84.6333	   28.5000
NP0694	   84.6333	   28.5667
NP0695	   84.6333	   28.6333
NP0696	   84.6333	   28.7000
NP0697	   84.6333	   28.7667
NP0698	   84.6333	   28.8333
NP0699	   84.6333	   28.9000
NP0700	   84.6333	   28.9667
NP0701	   84.6333	   29.0333
NP0702	   84.7000	   26.5000
NP0703	   84.7000	   26.5667
NP0704	   84.7000	   26.6333
NP0705	   84.7000	   26.7000
NP0706	   84.7000	   26.7667
NP0707	   84.7000	   26.8333
NP0708	   84.7000	   26.9000
NP0709	   84.7000	   26.9667
NP0710	   84.7000	   27.0333
NP0711	   84.7000	   27.1000
NP0712	   84.7000	   27.1667
NP0713	   84.7000	   27.2333
NP0714	   84.7000	   27.3000
NP0715	   84.7000	   27.3667
NP0716	   84.7000	   27.4333
NP0717	   84.7000	   27.5000
NP0718	   84.7000	   27.5667
NP0719	   84.7000	   27.6333
NP0720	   84.7000	   27.7000
NP0721	   84.7000	   27.7667
NP0722	   84.7000	   27.8333
NP0723	   84.7000	   27.9000
NP0724	   84.7000	   27.9667
NP0725	   84.7000	   28.0333
NP0726	   84.7000	   28.1000
NP0727	   84.7000	   28.1667
NP0728	   84.7000	   28.2333
NP0729	   84.7000	   28.3000
NP0730	   84.7000	   28.3667
NP0731	   84.7000	   28.4333
NP0732	   84.7000	   28.5000
NP0733	   84.7000	   28.5667
NP0734	   84.7000	   28.6333
NP0735	   84.7000	   28.7000
NP0736	   84.7000	   28.7667
NP0737	   84.7000	   28.8333
NP0738	   84.7000	   28.9000
NP0739	   84.7000	   28.9667
NP0740	   84.7000	   29.0333
NP0741	   84.7667	   26.5000
NP0742	   84.7667	   26.5667
NP0743	   84.7667	   26.6333
NP0744	   84.7667	   26.7000
NP0745	   84.7667	   26.7667
NP0746	   84.7667	   26.8333
NP0747	   84.7667	   26.9000
NP0748	   84.7667	   26.9667
NP0749	   84.7667	   27.0333
NP0750	   84.7667	   27.1000
NP0751	   84.7667	   27.1667
NP0752	   84.7667	   27.2333
NP0753	   84.7667	   27.3000
NP0754	   84.7667	   27.3667
NP0755	   84.7667	   27.4333
NP0756	   84.7667	   27.5000
NP0757	   84.7667	   27.5667
NP0758	   84.7667	   27.6333
NP0759	   84.7667	   27.7000
NP0760	   84.7667	   27.7667
NP0761	   84.7667	   27.8333
NP0762	   84.7667	   27.9000
NP0763	   84.7667	   27.9667
NP0764	   84.7667	   28.0333
NP0765	   84.7667	   28.1000
NP0766	   84.7667	   28.1667
NP0767	   84.7667	   28.2333
NP0768	   84.7667	   28.3000
NP0769	   84.7667	   28.3667
NP0770	   84.7667	   28.4333
NP0771	   84.7667	   28.5000
NP0772	   84.7667	   28.5667
NP0773	   84.7667	   28.6333
NP0774	   84.7667	   28.7000
NP0775	   84.7667	   28.7667
NP0776	   84.7667	   28.8333
NP0777	   84.7667	   28.9000
NP0778	   84.7667	   28.9667
NP0779	   84.7667	   29.0333
NP0780	   84.8333	   26.5000
NP0781	   84.8333	   26.5667
NP0782	   84.8333	   26.6333
NP0783	   84.8333	   26.7000
NP0784	   84.8333	   26.7667
NP0785	   84.8333	   26.8333
NP0786	   84.8333	   26.9000
NP0787	   84.8333	   26.9667
NP0788	   84.8333	   27.0333
NP0789	   84.8333	   27.1000
NP0790	   84.8333	   27.1667
NP0791	   84.8333	   27.2333
NP0792	   84.8333	   27.3000
NP0793	   84.8333	   27.3667
NP0794	   84.8333	   27.4333
NP0795	   84.8333	   27.5000
NP0796	   84.8333	   27.5667
NP0797	   84.8333	   27.6333
NP0798	   84.8333	   27.7000
NP0799	   84.8333	   27.7667
NP0800	   84.8333	   27.8333
NP0801	   84.8333	   27.9000
NP0802	   84.8333	   27.9667
NP0803	   84.8333	   28.0333
NP0804	   84.8333	   28.1000
NP0805	   84.8333	   28.1667
NP0806	   84.8333	   28.2333
NP0807	   84.8333	   28.3000
NP0808	   84.8333	   28.3667
NP0809	   84.8333	   28.4333
NP0810	   84.8333	   28.5000
NP0811	   84.8333	   28.5667
NP0812	   84.8333	   28.6333
NP0813	   84.8333	   28.7000
NP0814	   84.8333	   28.7667
NP0815	   84.8333	   28.8333
NP0816	   84.8333	   28.9000
NP0817	   84.8333	   28.9667
NP0818	   84.8333	   29.0333
NP0819	   84.9000	   26.5000
NP0820	   84.9000	   26.5667
NP0821	   84.9000	   26.6333
NP0822	   84.9000	   26.7000
NP0823	   84.9000	   26.7667
NP0824	   84.9000	   26.8333
NP0825	   84.9000	   26.9000
NP0826	   84.9000	   26.9667
NP0827	   84.9000	   27.0333
NP0828	   84.9000	   27.1000
NP0829	   84.9000	   27.1667
NP0830	   84.9000	   27.2333
NP0831	   84.9000	   27.3000
NP0832	   84.9000	   27.3667
NP0833	   84.9000	   27.4333
NP0834	   84.9000	   27.5000
NP0835	   84.9000	   27.5667
NP0836	   84.9000	   27.6333
NP0837	   84.9000	   27.7000
NP0838	   84.9000	   27.7667
NP0839	   84.9000	   27.8333
NP0840	   84.9000	   27.9000
NP0841	   84.9000	   27.9667
NP0842	   84.9000	   28.0333
NP0843	   84.9000	   28.1000
NP0844	   84.9000	   28.1667
NP0845	   84.9000	   28.2333
NP0846	   84.9000	   28.3000
NP0847	   84.9000	   28.3667
NP0848	   84.9000	   28.4333
NP0849	   84.9000	   28.5000
NP0850	   84.9000	   28.5667
NP0851	   84.9000	   28.6333
NP0852	   84.9000	   28.7000
NP0853	   84.9000	   28.7667
NP0854	   84.9000	   28.8333
NP0855	   84.9000	   28.9000
NP0856	   84.9000	   28.9667
NP0857	   84.9000	   29.0333
NP0858	   84.9667	   26.5000
NP0859	   84.9667	   26.5667
NP0860	   84.9667	   26.6333
NP0861	   84.9667	   26.7000
NP0862	   84.9667	   26.7667
NP0863	   84.9667	   26.8333
NP0864	   84.9667	   26.9000
NP0865	   84.9667	   26.9667
NP0866	   84.9667	   27.0333
NP0867	   84.9667	   27.1000
NP0868	   84.9667	   27.1667
NP0869	   84.9667	   27.2333
NP0870	   84.9667	   27.3000
NP0871	   84.9667	   27.3667
NP0872	   84.9667	   27.4333
NP0873	   84.9667	   27.5000
NP0874	   84.9667	   27.5667
NP0875	   84.9667	   27.6333
NP0876	   84.9667	   27.7000
NP0877	   84.9667	   27.7667
NP0878	   84.9667	   27.8333
NP0879	   84.9667	   27.9000
NP0880	   84.9667	   27.9667
NP0881	   84.9667	   28.0333
NP0882	   84.9667	   28.1000
NP0883	   84.9667	   28.1667
NP0884	   84.9667	   28.2333
NP0885	   84.9667	   28.3000
NP0886	   84.9667	   28.3667
NP0887	   84.9667	   28.4333
NP0888	   84.9667	   28.5000
NP0889	   84.9667	   28.5667
NP0890	   84.9667	   28.6333
NP0891	   84.9667	   28.7000
NP0892	   84.9667	   28.7667
NP0893	   84.9667	   28.8333
NP0894	   84.9667	   28.9000
NP0895	   84.9667	   28.9667
NP0896	   84.9667	   29.0333
NP0897	   85.0333	   26.5000
NP0898	   85.0333	   26.5667
NP0899	   85.0333	   26.6333
NP0900	   85.0333	   26.7000
NP0901	   85.0333	   26.7667
NP0902	   85.0333	   26.8333
NP0903	   85.0333	   26.9000
NP0904	   85.0333	   26.9667
NP0905	   85.0333	   27.0333
NP0906	   85.0333	   27.1000
NP0907	   85.0333	   27.1667
NP0908	   85.0333	   27.2333
NP0909	   85.0333	   27.3000
NP0910	   85.0333	   27.3667
NP0911	   85.0333	   27.4333
NP0912	   85.0333	   27.5000
NP0913	   85.0333	   27.5667
NP0914	   85.0333	   27.6333
NP0915	   85.0333	   27.7000
NP0916	   85.0333	   27.7667
NP0917	   85.0333	   27.8333
NP0918	   85.0333	   27.9000
NP0919	   85.0333	   27.9667
NP0920	   85.0333	   28.0333
NP0921	   85.0333	   28.1000
NP0922	   85.0333	   28.1667
NP0923	   85.0333	   28.2333
NP0924	   85.0333	   28.3000
NP0925	   85.0333	   28.3667
NP0926	   85.0333	   28.4333
NP0927	   85.0333	   28.5000
NP0928	   85.0333	   28.5667
NP0929	   85.0333	   28.6333
NP0930	   85.0333	   28.7000
NP0931	   85.0333	   28.7667
NP0932	   85.0333	   28.8333
NP0933	   85.0333	   28.9000
NP0934	   85.0333	   28.9667
NP0935	   85.0333	   29.0333
NP0936	   85.1000	   26.5000
NP0937	   85.1000	   26.5667
NP0938	   85.1000	   26.6333
NP0939	   85.1000	   26.7000
NP0940	   85.1000	   26.7667
NP0941	   85.1000	   26.8333
NP0942	   85.1000	   26.9000
NP0943	   85.1000	   26.9667
NP0944	   85.1000	   27.0333
NP0945	   85.1000	   27.1000
NP0946	   85.1000	   27.1667
NP0947	   85.1000	   27.2333
NP0948	   85.1000	   27.3000
NP0949	   85.1000	   27.3667
NP0950	   85.1000	   27.4333
NP0951	   85.1000	   27.5000
NP0952	   85.1000	   27.5667
NP0953	   85.1000	   27.6333
NP0954	   85.1000	   27.7000
NP0955	   85.1000	   27.7667
NP0956	   85.1000	   27.8333
NP0957	   85.1000	   27.9000
NP0958	   85.1000	   27.9667
NP0959	   85.1000	   28.0333
NP0960	   85.1000	   28.1000
NP0961	   85.1000	   28.1667
NP0962	   85.1000	   28.2333
NP0963	   85.1000	   28.3000
NP0964	   85.1000	   28.3667
NP0965	   85.1000	   28.4333
NP0966	   85.1000	   28.5000
NP0967	   85.1000	   28.5667
NP0968	   85.1000	   28.6333
NP0969	   85.1000	   28.7000
NP0970	   85.1000	   28.7667
NP0971	   85.1000	   28.8333
NP0972	   85.1000	   28.9000
NP0973	   85.1000	   28.9667
NP0974	   85.1000	   29.0333
NP0975	   85.1667	   26.5000
NP0976	   85.1667	   26.5667
NP0977	   85.1667	   26.6333
NP0978	   85.1667	   26.7000
NP0979	   85.1667	   26.7667
NP0980	   85.1667	   26.8333
NP0981	   85.1667	   26.9000
NP0982	   85.1667	   26.9667
NP0983	   85.1667	   27.0333
NP0984	   85.1667	   27.1000
NP0985	   85.1667	   27.1667
NP0986	   85.1667	   27.2333
NP0987	   85.1667	   27.3000
NP0988	   85.1667	   27.3667
NP0989	   85.1667	   27.4333
NP0990	   85.1667	   27.5000
NP0991	   85.1667	   27.5667
NP0992	   85.1667	   27.6333
NP0993	   85.1667	   27.7000
NP0994	   85.1667	   27.7667
NP0995	   85.1667	   27.8333
NP0996	   85.1667	   27.9000
NP0997	   85.1667	   27.9667
NP0998	   85.1667	   28.0333
NP0999	   85.1667	   28.1000
NP1000	   85.1667	   28.1667
NP1001	   85.1667	   28.2333
NP1002	   85.1667	   28.3000
NP1003	   85.1667	   28.3667
NP1004	   85.1667	   28.4333
NP1005	   85.1667	   28.5000
NP1006	   85.1667	   28.5667
NP1007	   85.1667	   28.6333
NP1008	   85.1667	   28.7000
NP1009	   85.1667	   28.7667
NP1010	   85.1667	   28.8333
NP1011	   85.1667	   28.9000
NP1012	   85.1667	   28.9667
NP1013	   85.1667	   29.0333
NP1014	   85.2333	   26.5000
NP1015	   85.2333	   26.5667
NP1016	   85.2333	   26.6333
NP1017	   85.2333	   26.7000
NP1018	   85.2333	   26.7667
NP1019	   85.2333	   26.8333
NP1020	   85.2333	   26.9000
NP1021	   85.2333	   26.9667
NP1022	   85.2333	   27.0333
NP1023	   85.2333	   27.1000
NP1024	   85.2333	   27.1667
NP1025	   85.2333	   27.2333
NP1026	   85.2333	   27.3000
NP1027	   85.2333	   27.3667
NP1028	   85.2333	   27.4333
NP1029	   85.2333	   27.5000
NP1030	   85.2333	   27.5667
NP1031	   85.2333	   27.6333
NP1032	   85.2333	   27.7000
NP1033	   85.2333	   27.7667
NP1034	   85.2333	   27.8333
NP1035	   85.2333	   27.9000
NP1036	   85.2333	   27.9667
NP1037	   85.2333	   28.0333
NP1038	   85.2333	   28.1000
NP1039	   85.2333	   28.1667
NP1040	   85.2333	   28.2333
NP1041	   85.2333	   28.3000
NP1042	   85.2333	   28.3667
NP1043	   85.2333	   28.4333
NP1044	   85.2333	   28.5000
NP1045	   85.2333	   28.5667
NP1046	   85.2333	   28.6333
NP1047	   85.2333	   28.7000
NP1048	   85.2333	   28.7667
NP1049	   85.2333	   28.8333
NP1050	   85.2333	   28.9000
NP1051	   85.2333	   28.9667
NP1052	   85.2333	   29.0333
NP1053	   85.3000	   26.5000
NP1054	   85.3000	   26.5667
NP1055	   85.3000	   26.6333
NP1056	   85.3000	   26.7000
NP1057	   85.3000	   26.7667
NP1058	   85.3000	   26.8333
NP1059	   85.3000	   26.9000
NP1060	   85.3000	   26.9667
NP1061	   85.3000	   27.0333
NP1062	   85.3000	   27.1000
NP1063	   85.3000	   27.1667
NP1064	   85.3000	   27.2333
NP1065	   85.3000	   27.3000
NP1066	   85.3000	   27.3667
NP1067	   85.3000	   27.4333
NP1068	   85.3000	   27.5000
NP1069	   85.3000	   27.5667
NP1070	   85.3000	   27.6333
NP1071	   85.3000	   27.7000
NP1072	   85.3000	   27.7667
NP1073	   85.3000	   27.8333
NP1074	   85.3000	   27.9000
NP1075	   85.3000	   27.9667
NP1076	   85.3000	   28.0333
NP1077	   85.3000	   28.1000
NP1078	   85.3000	   28.1667
NP1079	   85.3000	   28.2333
NP1080	   85.3000	   28.3000
NP1081	   85.3000	   28.3667
NP1082	   85.3000	   28.4333
NP1083	   85.3000	   28.5000
NP1084	   85.3000	   28.5667
NP1085	   85.3000	   28.6333
NP1086	   85.3000	   28.7000
NP1087	   85.3000	   28.7667
NP1088	   85.3000	   28.8333
NP1089	   85.3000	   28.9000
NP1090	   85.3000	   28.9667
NP1091	   85.3000	   29.0333
NP1092	   85.3667	   26.5000
NP1093	   85.3667	   26.5667
NP1094	   85.3667	   26.6333
NP1095	   85.3667	   26.7000
NP1096	   85.3667	   26.7667
NP1097	   85.3667	   26.8333
NP1098	   85.3667	   26.9000
NP1099	   85.3667	   26.9667
NP1100	   85.3667	   27.0333
NP1101	   85.3667	   27.1000
NP1102	   85.3667	   27.1667
NP1103	   85.3667	   27.2333
NP1104	   85.3667	   27.3000
NP1105	   85.3667	   27.3667
NP1106	   85.3667	   27.4333
NP1107	   85.3667	   27.5000
NP1108	   85.3667	   27.5667
NP1109	   85.3667	   27.6333
NP1110	   85.3667	   27.7000
NP1111	   85.3667	   27.7667
NP1112	   85.3667	   27.8333
NP1113	   85.3667	   27.9000
NP1114	   85.3667	   27.9667
NP1115	   85.3667	   28.0333
NP1116	   85.3667	   28.1000
NP1117	   85.3667	   28.1667
NP1118	   85.3667	   28.2333
NP1119	   85.3667	   28.3000
NP1120	   85.3667	   28.3667
NP1121	   85.3667	   28.4333
NP1122	   85.3667	   28.5000
NP1123	   85.3667	   28.5667
NP1124	   85.3667	   28.6333
NP1125	   85.3667	   28.7000
NP1126	   85.3667	   28.7667
NP1127	   85.3667	   28.8333
NP1128	   85.3667	   28.9000
NP1129	   85.3667	   28.9667
NP1130	   85.3667	   29.0333
NP1131	   85.4333	   26.5000
NP1132	   85.4333	   26.5667
NP1133	   85.4333	   26.6333
NP1134	   85.4333	   26.7000
NP1135	   85.4333	   26.7667
NP1136	   85.4333	   26.8333
NP1137	   85.4333	   26.9000
NP1138	   85.4333	   26.9667
NP1139	   85.4333	   27.0333
NP1140	   85.4333	   27.1000
NP1141	   85.4333	   27.1667
NP1142	   85.4333	   27.2333
NP1143	   85.4333	   27.3000
NP1144	   85.4333	   27.3667
NP1145	   85.4333	   27.4333
NP1146	   85.4333	   27.5000
NP1147	   85.4333	   27.5667
NP1148	   85.4333	   27.6333
NP1149	   85.4333	   27.7000
NP1150	   85.4333	   27.7667
NP1151	   85.4333	   27.8333
NP1152	   85.4333	   27.9000
NP1153	   85.4333	   27.9667
NP1154	   85.4333	   28.0333
NP1155	   85.4333	   28.1000
NP1156	   85.4333	   28.1667
NP1157	   85.4333	   28.2333
NP1158	   85.4333	   28.3000
NP1159	   85.4333	   28.3667
NP1160	   85.4333	   28.4333
NP1161	   85.4333	   28.5000
NP1162	   85.4333	   28.5667
NP1163	   85.4333	   28.6333
NP1164	   85.4333	   28.7000
NP1165	   85.4333	   28.7667
NP1166	   85.4333	   28.8333
NP1167	   85.4333	   28.9000
NP1168	   85.4333	   28.9667
NP1169	   85.4333	   29.0333
NP1170	   85.5000	   26.5000
NP1171	   85.5000	   26.5667
NP1172	   85.5000	   26.6333
NP1173	   85.5000	   26.7000
NP1174	   85.5000	   26.7667
NP1175	   85.5000	   26.8333
NP1176	   85.5000	   26.9000
NP1177	   85.5000	   26.9667
NP1178	   85.5000	   27.0333
NP1179	   85.5000	   27.1000
NP1180	   85.5000	   27.1667
NP1181	   85.5000	   27.2333
NP1182	   85.5000	   27.3000
NP1183	   85.5000	   27.3667
NP1184	   85.5000	   27.4333
NP1185	   85.5000	   27.5000
NP1186	   85.5000	   27.5667
NP1187	   85.5000	   27.6333
NP1188	   85.5000	   27.7000
NP1189	   85.5000	   27.7667
NP1190	   85.5000	   27.8333
NP1191	   85.5000	   27.9000
NP1192	   85.5000	   27.9667
NP1193	   85.5000	   28.0333
NP1194	   85.5000	   28.1000
NP1195	   85.5000	   28.1667
NP1196	   85.5000	   28.2333
NP1197	   85.5000	   28.3000
NP1198	   85.5000	   28.3667
NP1199	   85.5000	   28.4333
NP1200	   85.5000	   28.5000
NP1201	   85.5000	   28.5667
NP1202	   85.5000	   28.6333
NP1203	   85.5000	   28.7000
NP1204	   85.5000	   28.7667
NP1205	   85.5000	   28.8333
NP1206	   85.5000	   28.9000
NP1207	   85.5000	   28.9667
NP1208	   85.5000	   29.0333
NP1209	   85.5667	   26.5000
NP1210	   85.5667	   26.5667
NP1211	   85.5667	   26.6333
NP1212	   85.5667	   26.7000
NP1213	   85.5667	   26.7667
NP1214	   85.5667	   26.8333
NP1215	   85.5667	   26.9000
NP1216	   85.5667	   26.9667
NP1217	   85.5667	   27.0333
NP1218	   85.5667	   27.1000
NP1219	   85.5667	   27.1667
NP1220	   85.5667	   27.2333
NP1221	   85.5667	   27.3000
NP1222	   85.5667	   27.3667
NP1223	   85.5667	   27.4333
NP1224	   85.5667	   27.5000
NP1225	   85.5667	   27.5667
NP1226	   85.5667	   27.6333
NP1227	   85.5667	   27.7000
NP1228	   85.5667	   27.7667
NP1229	   85.5667	   27.8333
NP1230	   85.5667	   27.9000
NP1231	   85.5667	   27.9667
NP1232	   85.5667	   28.0333
NP1233	   85.5667	   28.1000
NP1234	   85.5667	   28.1667
NP1235	   85.5667	   28.2333
NP1236	   85.5667	   28.3000
NP1237	   85.5667	   28.3667
NP1238	   85.5667	   28.4333
NP1239	   85.5667	   28.5000
NP1240	   85.5667	   28.5667
NP1241	   85.5667	   28.6333
NP1242	   85.5667	   28.7000
NP1243	   85.5667	   28.7667
NP1244	   85.5667	   28.8333
NP1245	   85.5667	   28.9000
NP1246	   85.5667	   28.9667
NP1247	   85.5667	   29.0333
NP1248	   85.6333	   26.5000
NP1249	   85.6333	   26.5667
NP1250	   85.6333	   26.6333
NP1251	   85.6333	   26.7000
NP1252	   85.6333	   26.7667
NP1253	   85.6333	   26.8333
NP1254	   85.6333	   26.9000
NP1255	   85.6333	   26.9667
NP1256	   85.6333	   27.0333
NP1257	   85.6333	   27.1000
NP1258	   85.6333	   27.1667
NP1259	   85.6333	   27.2333
NP1260	   85.6333	   27.3000
NP1261	   85.6333	   27.3667
NP1262	   85.6333	   27.4333
NP1263	   85.6333	   27.5000
NP1264	   85.6333	   27.5667
NP1265	   85.6333	   27.6333
NP1266	   85.6333	   27.7000
NP1267	   85.6333	   27.7667
NP1268	   85.6333	   27.8333
NP1269	   85.6333	   27.9000
NP1270	   85.6333	   27.9667
NP1271	   85.6333	   28.0333
NP1272	   85.6333	   28.1000
NP1273	   85.6333	   28.1667
NP1274	   85.6333	   28.2333
NP1275	   85.6333	   28.3000
NP1276	   85.6333	   28.3667
NP1277	   85.6333	   28.4333
NP1278	   85.6333	   28.5000
NP1279	   85.6333	   28.5667
NP1280	   85.6333	   28.6333
NP1281	   85.6333	   28.7000
NP1282	   85.6333	   28.7667
NP1283	   85.6333	   28.8333
NP1284	   85.6333	   28.9000
NP1285	   85.6333	   28.9667
NP1286	   85.6333	   29.0333
NP1287	   85.7000	   26.5000
NP1288	   85.7000	   26.5667
NP1289	   85.7000	   26.6333
NP1290	   85.7000	   26.7000
NP1291	   85.7000	   26.7667
NP1292	   85.7000	   26.8333
NP1293	   85.7000	   26.9000
NP1294	   85.7000	   26.9667
NP1295	   85.7000	   27.0333
NP1296	   85.7000	   27.1000
NP1297	   85.7000	   27.1667
NP1298	   85.7000	   27.2333
NP1299	   85.7000	   27.3000
NP1300	   85.7000	   27.3667
NP1301	   85.7000	   27.4333
NP1302	   85.7000	   27.5000
NP1303	   85.7000	   27.5667
NP1304	   85.7000	   27.6333
NP1305	   85.7000	   27.7000
NP1306	   85.7000	   27.7667
NP1307	   85.7000	   27.8333
NP1308	   85.7000	   27.9000
NP1309	   85.7000	   27.9667
NP1310	   85.7000	   28.0333
NP1311	   85.7000	   28.1000
NP1312	   85.7000	   28.1667
NP1313	   85.7000	   28.2333
NP1314	   85.7000	   28.3000
NP1315	   85.7000	   28.3667
NP1316	   85.7000	   28.4333
NP1317	   85.7000	   28.5000
NP1318	   85.7000	   28.5667
NP1319	   85.7000	   28.6333
NP1320	   85.7000	   28.7000
NP1321	   85.7000	   28.7667
NP1322	   85.7000	   28.8333
NP1323	   85.7000	   28.9000
NP1324	   85.7000	   28.9667
NP1325	   85.7000	   29.0333
NP1326	   85.7667	   26.5000
NP1327	   85.7667	   26.5667
NP1328	   85.7667	   26.6333
NP1329	   85.7667	   26.7000
NP1330	   85.7667	   26.7667
NP1331	   85.7667	   26.8333
NP1332	   85.7667	   26.9000
NP1333	   85.7667	   26.9667
NP1334	   85.7667	   27.0333
NP1335	   85.7667	   27.1000
NP1336	   85.7667	   27.1667
NP1337	   85.7667	   27.2333
NP1338	   85.7667	   27.3000
NP1339	   85.7667	   27.3667
NP1340	   85.7667	   27.4333
NP1341	   85.7667	   27.5000
NP1342	   85.7667	   27.5667
NP1343	   85.7667	   27.6333
NP1344	   85.7667	   27.7000
NP1345	   85.7667	   27.7667
NP1346	   85.7667	   27.8333
NP1347	   85.7667	   27.9000
NP1348	   85.7667	   27.9667
NP1349	   85.7667	   28.0333
NP1350	   85.7667	   28.1000
NP1351	   85.7667	   28.1667
NP1352	   85.7667	   28.2333
NP1353	   85.7667	   28.3000
NP1354	   85.7667	   28.3667
NP1355	   85.7667	   28.4333
NP1356	   85.7667	   28.5000
NP1357	   85.7667	   28.5667
NP1358	   85.7667	   28.6333
NP1359	   85.7667	   28.7000
NP1360	   85.7667	   28.7667
NP1361	   85.7667	   28.8333
NP1362	   85.7667	   28.9000
NP1363	   85.7667	   28.9667
NP1364	   85.7667	   29.0333
NP1365	   85.8333	   26.5000
NP1366	   85.8333	   26.5667
NP1367	   85.8333	   26.6333
NP1368	   85.8333	   26.7000
NP1369	   85.8333	   26.7667
NP1370	   85.8333	   26.8333
NP1371	   85.8333	   26.9000
NP1372	   85.8333	   26.9667
NP1373	   85.8333	   27.0333
NP1374	   85.8333	   27.1000
NP1375	   85.8333	   27.1667
NP1376	   85.8333	   27.2333
NP1377	   85.8333	   27.3000
NP1378	   85.8333	   27.3667
NP1379	   85.8333	   27.4333
NP1380	   85.8333	   27.5000
NP1381	   85.8333	   27.5667
NP1382	   85.8333	   27.6333
NP1383	   85.8333	   27.7000
NP1384	   85.8333	   27.7667
NP1385	   85.8333	   27.8333
NP1386	   85.8333	   27.9000
NP1387	   85.8333	   27.9667
NP1388	   85.8333	   28.0333
NP1389	   85.8333	   28.1000
NP1390	   85.8333	   28.1667
NP1391	   85.8333	   28.2333
NP1392	   85.8333	   28.3000
NP1393	   85.8333	   28.3667
NP1394	   85.8333	   28.4333
NP1395	   85.8333	   28.5000
NP1396	   85.8333	   28.5667
NP1397	   85.8333	   28.6333
NP1398	   85.8333	   28.7000
NP1399	   85.8333	   28.7667
NP1400	   85.8333	   28.8333
NP1401	   85.8333	   28.9000
NP1402	   85.8333	   28.9667
NP1403	   85.8333	   29.0333
NP1404	   85.9000	   26.5000
NP1405	   85.9000	   26.5667
NP1406	   85.9000	   26.6333
NP1407	   85.9000	   26.7000
NP1408	   85.9000	   26.7667
NP1409	   85.9000	   26.8333
NP1410	   85.9000	   26.9000
NP1411	   85.9000	   26.9667
NP1412	   85.9000	   27.0333
NP1413	   85.9000	   27.1000
NP1414	   85.9000	   27.1667
NP1415	   85.9000	   27.2333
NP1416	   85.9000	   27.3000
NP1417	   85.9000	   27.3667
NP1418	   85.9000	   27.4333
NP1419	   85.9000	   27.5000
NP1420	   85.9000	   27.5667
NP1421	   85.9000	   27.6333
NP1422	   85.9000	   27.7000
NP1423	   85.9000	   27.7667
NP1424	   85.9000	   27.8333
NP1425	   85.9000	   27.9000
NP1426	   85.9000	   27.9667
NP1427	   85.9000	   28.0333
NP1428	   85.9000	   28.1000
NP1429	   85.9000	   28.1667
NP1430	   85.9000	   28.2333
NP1431	   85.9000	   28.3000
NP1432	   85.9000	   28.3667
NP1433	   85.9000	   28.4333
NP1434	   85.9000	   28.5000
NP1435	   85.9000	   28.5667
NP1436	   85.9000	   28.6333
NP1437	   85.9000	   28.7000
NP1438	   85.9000	   28.7667
NP1439	   85.9000	   28.8333
NP1440	   85.9000	   28.9000
NP1441	   85.9000	   28.9667
NP1442	   85.9000	   29.0333
NP1443	   85.9667	   26.5000
NP1444	   85.9667	   26.5667
NP1445	   85.9667	   26.6333
NP1446	   85.9667	   26.7000
NP1447	   85.9667	   26.7667
NP1448	   85.9667	   26.8333
NP1449	   85.9667	   26.9000
NP1450	   85.9667	   26.9667
NP1451	   85.9667	   27.0333
NP1452	   85.9667	   27.1000
NP1453	   85.9667	   27.1667
NP1454	   85.9667	   27.2333
NP1455	   85.9667	   27.3000
NP1456	   85.9667	   27.3667
NP1457	   85.9667	   27.4333
NP1458	   85.9667	   27.5000
NP1459	   85.9667	   27.5667
NP1460	   85.9667	   27.6333
NP1461	   85.9667	   27.7000
NP1462	   85.9667	   27.7667
NP1463	   85.9667	   27.8333
NP1464	   85.9667	   27.9000
NP1465	   85.9667	   27.9667
NP1466	   85.9667	   28.0333
NP1467	   85.9667	   28.1000
NP1468	   85.9667	   28.1667
NP1469	   85.9667	   28.2333
NP1470	   85.9667	   28.3000
NP1471	   85.9667	   28.3667
NP1472	   85.9667	   28.4333
NP1473	   85.9667	   28.5000
NP1474	   85.9667	   28.5667
NP1475	   85.9667	   28.6333
NP1476	   85.9667	   28.7000
NP1477	   85.9667	   28.7667
NP1478	   85.9667	   28.8333
NP1479	   85.9667	   28.9000
NP1480	   85.9667	   28.9667
NP1481	   85.9667	   29.0333
NP1482	   86.0333	   26.5000
NP1483	   86.0333	   26.5667
NP1484	   86.0333	   26.6333
NP1485	   86.0333	   26.7000
NP1486	   86.0333	   26.7667
NP1487	   86.0333	   26.8333
NP1488	   86.0333	   26.9000
NP1489	   86.0333	   26.9667
NP1490	   86.0333	   27.0333
NP1491	   86.0333	   27.1000
NP1492	   86.0333	   27.1667
NP1493	   86.0333	   27.2333
NP1494	   86.0333	   27.3000
NP1495	   86.0333	   27.3667
NP1496	   86.0333	   27.4333
NP1497	   86.0333	   27.5000
NP1498	   86.0333	   27.5667
NP1499	   86.0333	   27.6333
NP1500	   86.0333	   27.7000
NP1501	   86.0333	   27.7667
NP1502	   86.0333	   27.8333
NP1503	   86.0333	   27.9000
NP1504	   86.0333	   27.9667
NP1505	   86.0333	   28.0333
NP1506	   86.0333	   28.1000
NP1507	   86.0333	   28.1667
NP1508	   86.0333	   28.2333
NP1509	   86.0333	   28.3000
NP1510	   86.0333	   28.3667
NP1511	   86.0333	   28.4333
NP1512	   86.0333	   28.5000
NP1513	   86.0333	   28.5667
NP1514	   86.0333	   28.6333
NP1515	   86.0333	   28.7000
NP1516	   86.0333	   28.7667
NP1517	   86.0333	   28.8333
NP1518	   86.0333	   28.9000
NP1519	   86.0333	   28.9667
NP1520	   86.0333	   29.0333
NP1521	   86.1000	   26.5000
NP1522	   86.1000	   26.5667
NP1523	   86.1000	   26.6333
NP1524	   86.1000	   26.7000
NP1525	   86.1000	   26.7667
NP1526	   86.1000	   26.8333
NP1527	   86.1000	   26.9000
NP1528	   86.1000	   26.9667
NP1529	   86.1000	   27.0333
NP1530	   86.1000	   27.1000
NP1531	   86.1000	   27.1667
NP1532	   86.1000	   27.2333
NP1533	   86.1000	   27.3000
NP1534	   86.1000	   27.3667
NP1535	   86.1000	   27.4333
NP1536	   86.1000	   27.5000
NP1537	   86.1000	   27.5667
NP1538	   86.1000	   27.6333
NP1539	   86.1000	   27.7000
NP1540	   86.1000	   27.7667
NP1541	   86.1000	   27.8333
NP1542	   86.1000	   27.9000
NP1543	   86.1000	   27.9667
NP1544	   86.1000	   28.0333
NP1545	   86.1000	   28.1000
NP1546	   86.1000	   28.1667
NP1547	   86.1000	   28.2333
NP1548	   86.1000	   28.3000
NP1549	   86.1000	   28.3667
NP1550	   86.1000	   28.4333
NP1551	   86.1000	   28.5000
NP1552	   86.1000	   28.5667
NP1553	   86.1000	   28.6333
NP1554	   86.1000	   28.7000
NP1555	   86.1000	   28.7667
NP1556	   86.1000	   28.8333
NP1557	   86.1000	   28.9000
NP1558	   86.1000	   28.9667
NP1559	   86.1000	   29.0333
NP1560	   86.1667	   26.5000
NP1561	   86.1667	   26.5667
NP1562	   86.1667	   26.6333
NP1563	   86.1667	   26.7000
NP1564	   86.1667	   26.7667
NP1565	   86.1667	   26.8333
NP1566	   86.1667	   26.9000
NP1567	   86.1667	   26.9667
NP1568	   86.1667	   27.0333
NP1569	   86.1667	   27.1000
NP1570	   86.1667	   27.1667
NP1571	   86.1667	   27.2333
NP1572	   86.1667	   27.3000
NP1573	   86.1667	   27.3667
NP1574	   86.1667	   27.4333
NP1575	   86.1667	   27.5000
NP1576	   86.1667	   27.5667
NP1577	   86.1667	   27.6333
NP1578	   86.1667	   27.7000
NP1579	   86.1667	   27.7667
NP1580	   86.1667	   27.8333
NP1581	   86.1667	   27.9000
NP1582	   86.1667	   27.9667
NP1583	   86.1667	   28.0333
NP1584	   86.1667	   28.1000
NP1585	   86.1667	   28.1667
NP1586	   86.1667	   28.2333
NP1587	   86.1667	   28.3000
NP1588	   86.1667	   28.3667
NP1589	   86.1667	   28.4333
NP1590	   86.1667	   28.5000
NP1591	   86.1667	   28.5667
NP1592	   86.1667	   28.6333
NP1593	   86.1667	   28.7000
NP1594	   86.1667	   28.7667
NP1595	   86.1667	   28.8333
NP1596	   86.1667	   28.9000
NP1597	   86.1667	   28.9667
NP1598	   86.1667	   29.0333
NP1599	   86.2333	   26.5000
NP1600	   86.2333	   26.5667
NP1601	   86.2333	   26.6333
NP1602	   86.2333	   26.7000
NP1603	   86.2333	   26.7667
NP1604	   86.2333	   26.8333
NP1605	   86.2333	   26.9000
NP1606	   86.2333	   26.9667
NP1607	   86.2333	   27.0333
NP1608	   86.2333	   27.1000
NP1609	   86.2333	   27.1667
NP1610	   86.2333	   27.2333
NP1611	   86.2333	   27.3000
NP1612	   86.2333	   27.3667
NP1613	   86.2333	   27.4333
NP1614	   86.2333	   27.5000
NP1615	   86.2333	   27.5667
NP1616	   86.2333	   27.6333
NP1617	   86.2333	   27.7000
NP1618	   86.2333	   27.7667
NP1619	   86.2333	   27.8333
NP1620	   86.2333	   27.9000
NP1621	   86.2333	   27.9667
NP1622	   86.2333	   28.0333
NP1623	   86.2333	   28.1000
NP1624	   86.2333	   28.1667
NP1625	   86.2333	   28.2333
NP1626	   86.2333	   28.3000
NP1627	   86.2333	   28.3667
NP1628	   86.2333	   28.4333
NP1629	   86.2333	   28.5000
NP1630	   86.2333	   28.5667
NP1631	   86.2333	   28.6333
NP1632	   86.2333	   28.7000
NP1633	   86.2333	   28.7667
NP1634	   86.2333	   28.8333
NP1635	   86.2333	   28.9000
NP1636	   86.2333	   28.9667
NP1637	   86.2333	   29.0333
NP1638	   86.3000	   26.5000
NP1639	   86.3000	   26.5667
NP1640	   86.3000	   26.6333
NP1641	   86.3000	   26.7000
NP1642	   86.3000	   26.7667
NP1643	   86.3000	   26.8333
NP1644	   86.3000	   26.9000
NP1645	   86.3000	   26.9667
NP1646	   86.3000	   27.0333
NP1647	   86.3000	   27.1000
NP1648	   86.3000	   27.1667
NP1649	   86.3000	   27.2333
NP1650	   86.3000	   27.3000
NP1651	   86.3000	   27.3667
NP1652	   86.3000	   27.4333
NP1653	   86.3000	   27.5000
NP1654	   86.3000	   27.5667
NP1655	   86.3000	   27.6333
NP1656	   86.3000	   27.7000
NP1657	   86.3000	   27.7667
NP1658	   86.3000	   27.8333
NP1659	   86.3000	   27.9000
NP1660	   86.3000	   27.9667
NP1661	   86.3000	   28.0333
NP1662	   86.3000	   28.1000
NP1663	   86.3000	   28.1667
NP1664	   86.3000	   28.2333
NP1665	   86.3000	   28.3000
NP1666	   86.3000	   28.3667
NP1667	   86.3000	   28.4333
NP1668	   86.3000	   28.5000
NP1669	   86.3000	   28.5667
NP1670	   86.3000	   28.6333
NP1671	   86.3000	   28.7000
NP1672	   86.3000	   28.7667
NP1673	   86.3000	   28.8333
NP1674	   86.3000	   28.9000
NP1675	   86.3000	   28.9667
NP1676	   86.3000	   29.0333
NP1677	   86.3667	   26.5000
NP1678	   86.3667	   26.5667
NP1679	   86.3667	   26.6333
NP1680	   86.3667	   26.7000
NP1681	   86.3667	   26.7667
NP1682	   86.3667	   26.8333
NP1683	   86.3667	   26.9000
NP1684	   86.3667	   26.9667
NP1685	   86.3667	   27.0333
NP1686	   86.3667	   27.1000
NP1687	   86.3667	   27.1667
NP1688	   86.3667	   27.2333
NP1689	   86.3667	   27.3000
NP1690	   86.3667	   27.3667
NP1691	   86.3667	   27.4333
NP1692	   86.3667	   27.5000
NP1693	   86.3667	   27.5667
NP1694	   86.3667	   27.6333
NP1695	   86.3667	   27.7000
NP1696	   86.3667	   27.7667
NP1697	   86.3667	   27.8333
NP1698	   86.3667	   27.9000
NP1699	   86.3667	   27.9667
NP1700	   86.3667	   28.0333
NP1701	   86.3667	   28.1000
NP1702	   86.3667	   28.1667
NP1703	   86.3667	   28.2333
NP1704	   86.3667	   28.3000
NP1705	   86.3667	   28.3667
NP1706	   86.3667	   28.4333
NP1707	   86.3667	   28.5000
NP1708	   86.3667	   28.5667
NP1709	   86.3667	   28.6333
NP1710	   86.3667	   28.7000
NP1711	   86.3667	   28.7667
NP1712	   86.3667	   28.8333
NP1713	   86.3667	   28.9000
NP1714	   86.3667	   28.9667
NP1715	   86.3667	   29.0333
NP1716	   86.4333	   26.5000
NP1717	   86.4333	   26.5667
NP1718	   86.4333	   26.6333
NP1719	   86.4333	   26.7000
NP1720	   86.4333	   26.7667
NP1721	   86.4333	   26.8333
NP1722	   86.4333	   26.9000
NP1723	   86.4333	   26.9667
NP1724	   86.4333	   27.0333
NP1725	   86.4333	   27.1000
NP1726	   86.4333	   27.1667
NP1727	   86.4333	   27.2333
NP1728	   86.4333	   27.3000
NP1729	   86.4333	   27.3667
NP1730	   86.4333	   27.4333
NP1731	   86.4333	   27.5000
NP1732	   86.4333	   27.5667
NP1733	   86.4333	   27.6333
NP1734	   86.4333	   27.7000
NP1735	   86.4333	   27.7667
NP1736	   86.4333	   27.8333
NP1737	   86.4333	   27.9000
NP1738	   86.4333	   27.9667
NP1739	   86.4333	   28.0333
NP1740	   86.4333	   28.1000
NP1741	   86.4333	   28.1667
NP1742	   86.4333	   28.2333
NP1743	   86.4333	   28.3000
NP1744	   86.4333	   28.3667
NP1745	   86.4333	   28.4333
NP1746	   86.4333	   28.5000
NP1747	   86.4333	   28.5667
NP1748	   86.4333	   28.6333
NP1749	   86.4333	   28.7000
NP1750	   86.4333	   28.7667
NP1751	   86.4333	   28.8333
NP1752	   86.4333	   28.9000
NP1753	   86.4333	   28.9667
NP1754	   86.4333	   29.0333
NP1755	   86.5000	   26.5000
NP1756	   86.5000	   26.5667
NP1757	   86.5000	   26.6333
NP1758	   86.5000	   26.7000
NP1759	   86.5000	   26.7667
NP1760	   86.5000	   26.8333
NP1761	   86.5000	   26.9000
NP1762	   86.5000	   26.9667
NP1763	   86.5000	   27.0333
NP1764	   86.5000	   27.1000
NP1765	   86.5000	   27.1667
NP1766	   86.5000	   27.2333
NP1767	   86.5000	   27.3000
NP1768	   86.5000	   27.3667
NP1769	   86.5000	   27.4333
NP1770	   86.5000	   27.5000
NP1771	   86.5000	   27.5667
NP1772	   86.5000	   27.6333
NP1773	   86.5000	   27.7000
NP1774	   86.5000	   27.7667
NP1775	   86.5000	   27.8333
NP1776	   86.5000	   27.9000
NP1777	   86.5000	   27.9667
NP1778	   86.5000	   28.0333
NP1779	   86.5000	   28.1000
NP1780	   86.5000	   28.1667
NP1781	   86.5000	   28.2333
NP1782	   86.5000	   28.3000
NP1783	   86.5000	   28.3667
NP1784	   86.5000	   28.4333
NP1785	   86.5000	   28.5000
NP1786	   86.5000	   28.5667
NP1787	   86.5000	   28.6333
NP1788	   86.5000	   28.7000
NP1789	   86.5000	   28.7667
NP1790	   86.5000	   28.8333
NP1791	   86.5000	   28.9000
NP1792	   86.5000	   28.9667
NP1793	   86.5000	   29.0333
NP1794	   86.5667	   26.5000
NP1795	   86.5667	   26.5667
NP1796	   86.5667	   26.6333
NP1797	   86.5667	   26.7000
NP1798	   86.5667	   26.7667
NP1799	   86.5667	   26.8333
NP1800	   86.5667	   26.9000
NP1801	   86.5667	   26.9667
NP1802	   86.5667	   27.0333
NP1803	   86.5667	   27.1000
NP1804	   86.5667	   27.1667
NP1805	   86.5667	   27.2333
NP1806	   86.5667	   27.3000
NP1807	   86.5667	   27.3667
NP1808	   86.5667	   27.4333
NP1809	   86.5667	   27.5000
NP1810	   86.5667	   27.5667
NP1811	   86.5667	   27.6333
NP1812	   86.5667	   27.7000
NP1813	   86.5667	   27.7667
NP1814	   86.5667	   27.8333
NP1815	   86.5667	   27.9000
NP1816	   86.5667	   27.9667
NP1817	   86.5667	   28.0333
NP1818	   86.5667	   28.1000
NP1819	   86.5667	   28.1667
NP1820	   86.5667	   28.2333
NP1821	   86.5667	   28.3000
NP1822	   86.5667	   28.3667
NP1823	   86.5667	   28.4333
NP1824	   86.5667	   28.5000
NP1825	   86.5667	   28.5667
NP1826	   86.5667	   28.6333
NP1827	   86.5667	   28.7000
NP1828	   86.5667	   28.7667
NP1829	   86.5667	   28.8333
NP1830	   86.5667	   28.9000
NP1831	   86.5667	   28.9667
NP1832	   86.5667	   29.0333
NP1833	   86.6333	   26.5000
NP1834	   86.6333	   26.5667
NP1835	   86.6333	   26.6333
NP1836	   86.6333	   26.7000
NP1837	   86.6333	   26.7667
NP1838	   86.6333	   26.8333
NP1839	   86.6333	   26.9000
NP1840	   86.6333	   26.9667
NP1841	   86.6333	   27.0333
NP1842	   86.6333	   27.1000
NP1843	   86.6333	   27.1667
NP1844	   86.6333	   27.2333
NP1845	   86.6333	   27.3000
NP1846	   86.6333	   27.3667
NP1847	   86.6333	   27.4333
NP1848	   86.6333	   27.5000
NP1849	   86.6333	   27.5667
NP1850	   86.6333	   27.6333
NP1851	   86.6333	   27.7000
NP1852	   86.6333	   27.7667
NP1853	   86.6333	   27.8333
NP1854	   86.6333	   27.9000
NP1855	   86.6333	   27.9667
NP1856	   86.6333	   28.0333
NP1857	   86.6333	   28.1000
NP1858	   86.6333	   28.1667
NP1859	   86.6333	   28.2333
NP1860	   86.6333	   28.3000
NP1861	   86.6333	   28.3667
NP1862	   86.6333	   28.4333
NP1863	   86.6333	   28.5000
NP1864	   86.6333	   28.5667
NP1865	   86.6333	   28.6333
NP1866	   86.6333	   28.7000
NP1867	   86.6333	   28.7667
NP1868	   86.6333	   28.8333
NP1869	   86.6333	   28.9000
NP1870	   86.6333	   28.9667
NP1871	   86.6333	   29.0333
NP1872	   86.7000	   26.5000
NP1873	   86.7000	   26.5667
NP1874	   86.7000	   26.6333
NP1875	   86.7000	   26.7000
NP1876	   86.7000	   26.7667
NP1877	   86.7000	   26.8333
NP1878	   86.7000	   26.9000
NP1879	   86.7000	   26.9667
NP1880	   86.7000	   27.0333
NP1881	   86.7000	   27.1000
NP1882	   86.7000	   27.1667
NP1883	   86.7000	   27.2333
NP1884	   86.7000	   27.3000
NP1885	   86.7000	   27.3667
NP1886	   86.7000	   27.4333
NP1887	   86.7000	   27.5000
NP1888	   86.7000	   27.5667
NP1889	   86.7000	   27.6333
NP1890	   86.7000	   27.7000
NP1891	   86.7000	   27.7667
NP1892	   86.7000	   27.8333
NP1893	   86.7000	   27.9000
NP1894	   86.7000	   27.9667
NP1895	   86.7000	   28.0333
NP1896	   86.7000	   28.1000
NP1897	   86.7000	   28.1667
NP1898	   86.7000	   28.2333
NP1899	   86.7000	   28.3000
NP1900	   86.7000	   28.3667
NP1901	   86.7000	   28.4333
NP1902	   86.7000	   28.5000
NP1903	   86.7000	   28.5667
NP1904	   86.7000	   28.6333
NP1905	   86.7000	   28.7000
NP1906	   86.7000	   28.7667
NP1907	   86.7000	   28.8333
NP1908	   86.7000	   28.9000
NP1909	   86.7000	   28.9667
NP1910	   86.7000	   29.0333
NP1911	   86.7667	   26.5000
NP1912	   86.7667	   26.5667
NP1913	   86.7667	   26.6333
NP1914	   86.7667	   26.7000
NP1915	   86.7667	   26.7667
NP1916	   86.7667	   26.8333
NP1917	   86.7667	   26.9000
NP1918	   86.7667	   26.9667
NP1919	   86.7667	   27.0333
NP1920	   86.7667	   27.1000
NP1921	   86.7667	   27.1667
NP1922	   86.7667	   27.2333
NP1923	   86.7667	   27.3000
NP1924	   86.7667	   27.3667
NP1925	   86.7667	   27.4333
NP1926	   86.7667	   27.5000
NP1927	   86.7667	   27.5667
NP1928	   86.7667	   27.6333
NP1929	   86.7667	   27.7000
NP1930	   86.7667	   27.7667
NP1931	   86.7667	   27.8333
NP1932	   86.7667	   27.9000
NP1933	   86.7667	   27.9667
NP1934	   86.7667	   28.0333
NP1935	   86.7667	   28.1000
NP1936	   86.7667	   28.1667
NP1937	   86.7667	   28.2333
NP1938	   86.7667	   28.3000
NP1939	   86.7667	   28.3667
NP1940	   86.7667	   28.4333
NP1941	   86.7667	   28.5000
NP1942	   86.7667	   28.5667
NP1943	   86.7667	   28.6333
NP1944	   86.7667	   28.7000
NP1945	   86.7667	   28.7667
NP1946	   86.7667	   28.8333
NP1947	   86.7667	   28.9000
NP1948	   86.7667	   28.9667
NP1949	   86.7667	   29.0333
NP1950	   86.8333	   26.5000
NP1951	   86.8333	   26.5667
NP1952	   86.8333	   26.6333
NP1953	   86.8333	   26.7000
NP1954	   86.8333	   26.7667
NP1955	   86.8333	   26.8333
NP1956	   86.8333	   26.9000
NP1957	   86.8333	   26.9667
NP1958	   86.8333	   27.0333
NP1959	   86.8333	   27.1000
NP1960	   86.8333	   27.1667
NP1961	   86.8333	   27.2333
NP1962	   86.8333	   27.3000
NP1963	   86.8333	   27.3667
NP1964	   86.8333	   27.4333
NP1965	   86.8333	   27.5000
NP1966	   86.8333	   27.5667
NP1967	   86.8333	   27.6333
NP1968	   86.8333	   27.7000
NP1969	   86.8333	   27.7667
NP1970	   86.8333	   27.8333
NP1971	   86.8333	   27.9000
NP1972	   86.8333	   27.9667
NP1973	   86.8333	   28.0333
NP1974	   86.8333	   28.1000
NP1975	   86.8333	   28.1667
NP1976	   86.8333	   28.2333
NP1977	   86.8333	   28.3000
NP1978	   86.8333	   28.3667
NP1979	   86.8333	   28.4333
NP1980	   86.8333	   28.5000
NP1981	   86.8333	   28.5667
NP1982	   86.8333	   28.6333
NP1983	   86.8333	   28.7000
NP1984	   86.8333	   28.7667
NP1985	   86.8333	   28.8333
NP1986	   86.8333	   28.9000
NP1987	   86.8333	   28.9667
NP1988	   86.8333	   29.0333
NP1989	   86.9000	   26.5000
NP1990	   86.9000	   26.5667
NP1991	   86.9000	   26.6333
NP1992	   86.9000	   26.7000
NP1993	   86.9000	   26.7667
NP1994	   86.9000	   26.8333
NP1995	   86.9000	   26.9000
NP1996	   86.9000	   26.9667
NP1997	   86.9000	   27.0333
NP1998	   86.9000	   27.1000
NP1999	   86.9000	   27.1667
NP2000	   86.9000	   27.2333
NP2001	   86.9000	   27.3000
NP2002	   86.9000	   27.3667
NP2003	   86.9000	   27.4333
NP2004	   86.9000	   27.5000
NP2005	   86.9000	   27.5667
NP2006	   86.9000	   27.6333
NP2007	   86.9000	   27.7000
NP2008	   86.9000	   27.7667
NP2009	   86.9000	   27.8333
NP2010	   86.9000	   27.9000
NP2011	   86.9000	   27.9667
NP2012	   86.9000	   28.0333
NP2013	   86.9000	   28.1000
NP2014	   86.9000	   28.1667
NP2015	   86.9000	   28.2333
NP2016	   86.9000	   28.3000
NP2017	   86.9000	   28.3667
NP2018	   86.9000	   28.4333
NP2019	   86.9000	   28.5000
NP2020	   86.9000	   28.5667
NP2021	   86.9000	   28.6333
NP2022	   86.9000	   28.7000
NP2023	   86.9000	   28.7667
NP2024	   86.9000	   28.8333
NP2025	   86.9000	   28.9000
NP2026	   86.9000	   28.9667
NP2027	   86.9000	   29.0333
NP2028	   86.9667	   26.5000
NP2029	   86.9667	   26.5667
NP2030	   86.9667	   26.6333
NP2031	   86.9667	   26.7000
NP2032	   86.9667	   26.7667
NP2033	   86.9667	   26.8333
NP2034	   86.9667	   26.9000
NP2035	   86.9667	   26.9667
NP2036	   86.9667	   27.0333
NP2037	   86.9667	   27.1000
NP2038	   86.9667	   27.1667
NP2039	   86.9667	   27.2333
NP2040	   86.9667	   27.3000
NP2041	   86.9667	   27.3667
NP2042	   86.9667	   27.4333
NP2043	   86.9667	   27.5000
NP2044	   86.9667	   27.5667
NP2045	   86.9667	   27.6333
NP2046	   86.9667	   27.7000
NP2047	   86.9667	   27.7667
NP2048	   86.9667	   27.8333
NP2049	   86.9667	   27.9000
NP2050	   86.9667	   27.9667
NP2051	   86.9667	   28.0333
NP2052	   86.9667	   28.1000
NP2053	   86.9667	   28.1667
NP2054	   86.9667	   28.2333
NP2055	   86.9667	   28.3000
NP2056	   86.9667	   28.3667
NP2057	   86.9667	   28.4333
NP2058	   86.9667	   28.5000
NP2059	   86.9667	   28.5667
NP2060	   86.9667	   28.6333
NP2061	   86.9667	   28.7000
NP2062	   86.9667	   28.7667
NP2063	   86.9667	   28.8333
NP2064	   86.9667	   28.9000
NP2065	   86.9667	   28.9667
NP2066	   86.9667	   29.0333
NP2067	   87.0333	   26.5000
NP2068	   87.0333	   26.5667
NP2069	   87.0333	   26.6333
NP2070	   87.0333	   26.7000
NP2071	   87.0333	   26.7667
NP2072	   87.0333	   26.8333
NP2073	   87.0333	   26.9000
NP2074	   87.0333	   26.9667
NP2075	   87.0333	   27.0333
NP2076	   87.0333	   27.1000
NP2077	   87.0333	   27.1667
NP2078	   87.0333	   27.2333
NP2079	   87.0333	   27.3000
NP2080	   87.0333	   27.3667
NP2081	   87.0333	   27.4333
NP2082	   87.0333	   27.5000
NP2083	   87.0333	   27.5667
NP2084	   87.0333	   27.6333
NP2085	   87.0333	   27.7000
NP2086	   87.0333	   27.7667
NP2087	   87.0333	   27.8333
NP2088	   87.0333	   27.9000
NP2089	   87.0333	   27.9667
NP2090	   87.0333	   28.0333
NP2091	   87.0333	   28.1000
NP2092	   87.0333	   28.1667
NP2093	   87.0333	   28.2333
NP2094	   87.0333	   28.3000
NP2095	   87.0333	   28.3667
NP2096	   87.0333	   28.4333
NP2097	   87.0333	   28.5000
NP2098	   87.0333	   28.5667
NP2099	   87.0333	   28.6333
NP2100	   87.0333	   28.7000
NP2101	   87.0333	   28.7667
NP2102	   87.0333	   28.8333
NP2103	   87.0333	   28.9000
NP2104	   87.0333	   28.9667
NP2105	   87.0333	   29.0333
NP2106	   87.1000	   26.5000
NP2107	   87.1000	   26.5667
NP2108	   87.1000	   26.6333
NP2109	   87.1000	   26.7000
NP2110	   87.1000	   26.7667
NP2111	   87.1000	   26.8333
NP2112	   87.1000	   26.9000
NP2113	   87.1000	   26.9667
NP2114	   87.1000	   27.0333
NP2115	   87.1000	   27.1000
NP2116	   87.1000	   27.1667
NP2117	   87.1000	   27.2333
NP2118	   87.1000	   27.3000
NP2119	   87.1000	   27.3667
NP2120	   87.1000	   27.4333
NP2121	   87.1000	   27.5000
NP2122	   87.1000	   27.5667
NP2123	   87.1000	   27.6333
NP2124	   87.1000	   27.7000
NP2125	   87.1000	   27.7667
NP2126	   87.1000	   27.8333
NP2127	   87.1000	   27.9000
NP2128	   87.1000	   27.9667
NP2129	   87.1000	   28.0333
NP2130	   87.1000	   28.1000
NP2131	   87.1000	   28.1667
NP2132	   87.1000	   28.2333
NP2133	   87.1000	   28.3000
NP2134	   87.1000	   28.3667
NP2135	   87.1000	   28.4333
NP2136	   87.1000	   28.5000
NP2137	   87.1000	   28.5667
NP2138	   87.1000	   28.6333
NP2139	   87.1000	   28.7000
NP2140	   87.1000	   28.7667
NP2141	   87.1000	   28.8333
NP2142	   87.1000	   28.9000
NP2143	   87.1000	   28.9667
NP2144	   87.1000	   29.0333
NP2145	   87.1667	   26.5000
NP2146	   87.1667	   26.5667
NP2147	   87.1667	   26.6333
NP2148	   87.1667	   26.7000
NP2149	   87.1667	   26.7667
NP2150	   87.1667	   26.8333
NP2151	   87.1667	   26.9000
NP2152	   87.1667	   26.9667
NP2153	   87.1667	   27.0333
NP2154	   87.1667	   27.1000
NP2155	   87.1667	   27.1667
NP2156	   87.1667	   27.2333
NP2157	   87.1667	   27.3000
NP2158	   87.1667	   27.3667
NP2159	   87.1667	   27.4333
NP2160	   87.1667	   27.5000
NP2161	   87.1667	   27.5667
NP2162	   87.1667	   27.6333
NP2163	   87.1667	   27.7000
NP2164	   87.1667	   27.7667
NP2165	   87.1667	   27.8333
NP2166	   87.1667	   27.9000
NP2167	   87.1667	   27.9667
NP2168	   87.1667	   28.0333
NP2169	   87.1667	   28.1000
NP2170	   87.1667	   28.1667
NP2171	   87.1667	   28.2333
NP2172	   87.1667	   28.3000
NP2173	   87.1667	   28.3667
NP2174	   87.1667	   28.4333
NP2175	   87.1667	   28.5000
NP2176	   87.1667	   28.5667
NP2177	   87.1667	   28.6333
NP2178	   87.1667	   28.7000
NP2179	   87.1667	   28.7667
NP2180	   87.1667	   28.8333
NP2181	   87.1667	   28.9000
NP2182	   87.1667	   28.9667
NP2183	   87.1667	   29.0333
NP2184	   87.2333	   26.5000
NP2185	   87.2333	   26.5667
NP2186	   87.2333	   26.6333
NP2187	   87.2333	   26.7000
NP2188	   87.2333	   26.7667
NP2189	   87.2333	   26.8333
NP2190	   87.2333	   26.9000
NP2191	   87.2333	   26.9667
NP2192	   87.2333	   27.0333
NP2193	   87.2333	   27.1000
NP2194	   87.2333	   27.1667
NP2195	   87.2333	   27.2333
NP2196	   87.2333	   27.3000
NP2197	   87.2333	   27.3667
NP2198	   87.2333	   27.4333
NP2199	   87.2333	   27.5000
NP2200	   87.2333	   27.5667
NP2201	   87.2333	   27.6333
NP2202	   87.2333	   27.7000
NP2203	   87.2333	   27.7667
NP2204	   87.2333	   27.8333
NP2205	   87.2333	   27.9000
NP2206	   87.2333	   27.9667
NP2207	   87.2333	   28.0333
NP2208	   87.2333	   28.1000
NP2209	   87.2333	   28.1667
NP2210	   87.2333	   28.2333
NP2211	   87.2333	   28.3000
NP2212	   87.2333	   28.3667
NP2213	   87.2333	   28.4333
NP2214	   87.2333	   28.5000
NP2215	   87.2333	   28.5667
NP2216	   87.2333	   28.6333
NP2217	   87.2333	   28.7000
NP2218	   87.2333	   28.7667
NP2219	   87.2333	   28.8333
NP2220	   87.2333	   28.9000
NP2221	   87.2333	   28.9667
NP2222	   87.2333	   29.0333
NP2223	   87.3000	   26.5000
NP2224	   87.3000	   26.5667
NP2225	   87.3000	   26.6333
NP2226	   87.3000	   26.7000
NP2227	   87.3000	   26.7667
NP2228	   87.3000	   26.8333
NP2229	   87.3000	   26.9000
NP2230	   87.3000	   26.9667
NP2231	   87.3000	   27.0333
NP2232	   87.3000	   27.1000
NP2233	   87.3000	   27.1667
NP2234	   87.3000	   27.2333
NP2235	   87.3000	   27.3000
NP2236	   87.3000	   27.3667
NP2237	   87.3000	   27.4333
NP2238	   87.3000	   27.5000
NP2239	   87.3000	   27.5667
NP2240	   87.3000	   27.6333
NP2241	   87.3000	   27.7000
NP2242	   87.3000	   27.7667
NP2243	   87.3000	   27.8333
NP2244	   87.3000	   27.9000
NP2245	   87.3000	   27.9667
NP2246	   87.3000	   28.0333
NP2247	   87.3000	   28.1000
NP2248	   87.3000	   28.1667
NP2249	   87.3000	   28.2333
NP2250	   87.3000	   28.3000
NP2251	   87.3000	   28.3667
NP2252	   87.3000	   28.4333
NP2253	   87.3000	   28.5000
NP2254	   87.3000	   28.5667
NP2255	   87.3000	   28.6333
NP2256	   87.3000	   28.7000
NP2257	   87.3000	   28.7667
NP2258	   87.3000	   28.8333
NP2259	   87.3000	   28.9000
NP2260	   87.3000	   28.9667
NP2261	   87.3000	   29.0333
NP2262	   87.3667	   26.5000
NP2263	   87.3667	   26.5667
NP2264	   87.3667	   26.6333
NP2265	   87.3667	   26.7000
NP2266	   87.3667	   26.7667
NP2267	   87.3667	   26.8333
NP2268	   87.3667	   26.9000
NP2269	   87.3667	   26.9667
NP2270	   87.3667	   27.0333
NP2271	   87.3667	   27.1000
NP2272	   87.3667	   27.1667
NP2273	   87.3667	   27.2333
NP2274	   87.3667	   27.3000
NP2275	   87.3667	   27.3667
NP2276	   87.3667	   27.4333
NP2277	   87.3667	   27.5000
NP2278	   87.3667	   27.5667
NP2279	   87.3667	   27.6333
NP2280	   87.3667	   27.7000
NP2281	   87.3667	   27.7667
NP2282	   87.3667	   27.8333
NP2283	   87.3667	   27.9000
NP2284	   87.3667	   27.9667
NP2285	   87.3667	   28.0333
NP2286	   87.3667	   28.1000
NP2287	   87.3667	   28.1667
NP2288	   87.3667	   28.2333
NP2289	   87.3667	   28.3000
NP2290	   87.3667	   28.3667
NP2291	   87.3667	   28.4333
NP2292	   87.3667	   28.5000
NP2293	   87.3667	   28.5667
NP2294	   87.3667	   28.6333
NP2295	   87.3667	   28.7000
NP2296	   87.3667	   28.7667
NP2297	   87.3667	   28.8333
NP2298	   87.3667	   28.9000
NP2299	   87.3667	   28.9667
NP2300	   87.3667	   29.0333
NP2301	   87.4333	   26.5000
NP2302	   87.4333	   26.5667
NP2303	   87.4333	   26.6333
NP2304	   87.4333	   26.7000
NP2305	   87.4333	   26.7667
NP2306	   87.4333	   26.8333
NP2307	   87.4333	   26.9000
NP2308	   87.4333	   26.9667
NP2309	   87.4333	   27.0333
NP2310	   87.4333	   27.1000
NP2311	   87.4333	   27.1667
NP2312	   87.4333	   27.2333
NP2313	   87.4333	   27.3000
NP2314	   87.4333	   27.3667
NP2315	   87.4333	   27.4333
NP2316	   87.4333	   27.5000
NP2317	   87.4333	   27.5667
NP2318	   87.4333	   27.6333
NP2319	   87.4333	   27.7000
NP2320	   87.4333	   27.7667
NP2321	   87.4333	   27.8333
NP2322	   87.4333	   27.9000
NP2323	   87.4333	   27.9667
NP2324	   87.4333	   28.0333
NP2325	   87.4333	   28.1000
NP2326	   87.4333	   28.1667
NP2327	   87.4333	   28.2333
NP2328	   87.4333	   28.3000
NP2329	   87.4333	   28.3667
NP2330	   87.4333	   28.4333
NP2331	   87.4333	   28.5000
NP2332	   87.4333	   28.5667
NP2333	   87.4333	   28.6333
NP2334	   87.4333	   28.7000
NP2335	   87.4333	   28.7667
NP2336	   87.4333	   28.8333
NP2337	   87.4333	   28.9000
NP2338	   87.4333	   28.9667
NP2339	   87.4333	   29.0333
NP2340	   87.5000	   26.5000
NP2341	   87.5000	   26.5667
NP2342	   87.5000	   26.6333
NP2343	   87.5000	   26.7000
NP2344	   87.5000	   26.7667
NP2345	   87.5000	   26.8333
NP2346	   87.5000	   26.9000
NP2347	   87.5000	   26.9667
NP2348	   87.5000	   27.0333
NP2349	   87.5000	   27.1000
NP2350	   87.5000	   27.1667
NP2351	   87.5000	   27.2333
NP2352	   87.5000	   27.3000
NP2353	   87.5000	   27.3667
NP2354	   87.5000	   27.4333
NP2355	   87.5000	   27.5000
NP2356	   87.5000	   27.5667
NP2357	   87.5000	   27.6333
NP2358	   87.5000	   27.7000
NP2359	   87.5000	   27.7667
NP2360	   87.5000	   27.8333
NP2361	   87.5000	   27.9000
NP2362	   87.5000	   27.9667
NP2363	   87.5000	   28.0333
NP2364	   87.5000	   28.1000
NP2365	   87.5000	   28.1667
NP2366	   87.5000	   28.2333
NP2367	   87.5000	   28.3000
NP2368	   87.5000	   28.3667
NP2369	   87.5000	   28.4333
NP2370	   87.5000	   28.5000
NP2371	   87.5000	   28.5667
NP2372	   87.5000	   28.6333
NP2373	   87.5000	   28.7000
NP2374	   87.5000	   28.7667
NP2375	   87.5000	   28.8333
NP2376	   87.5000	   28.9000
NP2377	   87.5000	   28.9667
NP2378	   87.5000	   29.0333